app/build/outputs/logs/manifest-merger-debug-report.txt
-- Merging decision tree log ---
manifest
ADDED from src/main/AndroidManifest.xml:2:1-94:12
	package
		ADDED from src/main/AndroidManifest.xml:3:5-34
		INJECTED from src/main/AndroidManifest.xml
		INJECTED from src/main/AndroidManifest.xml
	android:versionName
		ADDED from src/main/AndroidManifest.xml:5:5-30
		INJECTED from src/main/AndroidManifest.xml
		INJECTED from src/main/AndroidManifest.xml
	android:versionCode
		ADDED from src/main/AndroidManifest.xml:4:5-28
		INJECTED from src/main/AndroidManifest.xml
		INJECTED from src/main/AndroidManifest.xml
	xmlns:android
		ADDED from src/main/AndroidManifest.xml:2:11-69
uses-sdk
ADDED from src/main/AndroidManifest.xml:7:5-9:41
MERGED from [com.android.support:appcompat-v7:19.1.0] AndroidManifest.xml:18:5-42
MERGED from [com.getpebble:pebblekit:3.0.0] AndroidManifest.xml:7:5-9:41
	android:targetSdkVersion
		ADDED from src/main/AndroidManifest.xml:9:9-38
		INJECTED from src/main/AndroidManifest.xml
		INJECTED from src/main/AndroidManifest.xml
	android:minSdkVersion
		ADDED from src/main/AndroidManifest.xml:8:9-34
		INJECTED from src/main/AndroidManifest.xml
		INJECTED from src/main/AndroidManifest.xml
application
ADDED from src/main/AndroidManifest.xml:11:5-92:19
MERGED from [com.android.support:appcompat-v7:19.1.0] AndroidManifest.xml:19:5-20
	android:label
		ADDED from src/main/AndroidManifest.xml:14:9-41
	android:allowBackup
		ADDED from src/main/AndroidManifest.xml:12:9-35
	android:icon
		ADDED from src/main/AndroidManifest.xml:13:9-45
	android:theme
		ADDED from src/main/AndroidManifest.xml:15:9-40
activity#com.example.itriage.activities.LoginActivity
ADDED from src/main/AndroidManifest.xml:16:9-24:20
	android:label
		ADDED from src/main/AndroidManifest.xml:18:13-57
	android:windowSoftInputMode
		ADDED from src/main/AndroidManifest.xml:19:13-68
	android:name
		ADDED from src/main/AndroidManifest.xml:17:13-72
intent-filter#android.intent.action.MAIN+android.intent.category.LAUNCHER
ADDED from src/main/AndroidManifest.xml:20:13-23:29
	android:label
		ADDED from src/main/AndroidManifest.xml:20:28-60
action#android.intent.action.MAIN
ADDED from src/main/AndroidManifest.xml:21:17-69
	android:name
		ADDED from src/main/AndroidManifest.xml:21:25-66
category#android.intent.category.LAUNCHER
ADDED from src/main/AndroidManifest.xml:22:17-77
	android:name
		ADDED from src/main/AndroidManifest.xml:22:27-74
activity#com.example.itriage.activities.PatientListActivity
ADDED from src/main/AndroidManifest.xml:25:9-27:67
	android:label
		ADDED from src/main/AndroidManifest.xml:27:13-64
	android:name
		ADDED from src/main/AndroidManifest.xml:26:13-78
activity#com.example.itriage.activities.PatientEditActivity
ADDED from src/main/AndroidManifest.xml:28:9-35:20
	android:label
		ADDED from src/main/AndroidManifest.xml:30:13-64
	android:parentActivityName
		ADDED from src/main/AndroidManifest.xml:31:13-92
	android:name
		ADDED from src/main/AndroidManifest.xml:29:13-78
meta-data#android.support.PARENT_ACTIVITY
ADDED from src/main/AndroidManifest.xml:32:13-34:86
	android:value
		ADDED from src/main/AndroidManifest.xml:34:17-83
	android:name
		ADDED from src/main/AndroidManifest.xml:33:17-63
activity#com.example.itriage.activities.PatientDetailActivity
ADDED from src/main/AndroidManifest.xml:36:9-42:20
	android:parentActivityName
		ADDED from src/main/AndroidManifest.xml:38:13-92
	android:name
		ADDED from src/main/AndroidManifest.xml:37:13-80
activity#com.example.itriage.activities.PatientRecordVitalSignsActivity
ADDED from src/main/AndroidManifest.xml:43:9-49:20
	android:parentActivityName
		ADDED from src/main/AndroidManifest.xml:45:13-94
	android:name
		ADDED from src/main/AndroidManifest.xml:44:13-90
activity#com.example.itriage.activities.PatientRecordSymptomsActivity
ADDED from src/main/AndroidManifest.xml:50:9-56:20
	android:parentActivityName
		ADDED from src/main/AndroidManifest.xml:52:13-94
	android:name
		ADDED from src/main/AndroidManifest.xml:51:13-88
activity#com.example.itriage.activities.PatientAddPrescriptionActivity
ADDED from src/main/AndroidManifest.xml:57:9-63:20
	android:parentActivityName
		ADDED from src/main/AndroidManifest.xml:59:13-94
	android:name
		ADDED from src/main/AndroidManifest.xml:58:13-89
activity#com.example.itriage.activities.PatientVitalSignsActivity
ADDED from src/main/AndroidManifest.xml:64:9-70:20
	android:parentActivityName
		ADDED from src/main/AndroidManifest.xml:66:13-94
	android:name
		ADDED from src/main/AndroidManifest.xml:65:13-84
activity#com.example.itriage.activities.PatientSymptomsActivity
ADDED from src/main/AndroidManifest.xml:71:9-77:20
	android:parentActivityName
		ADDED from src/main/AndroidManifest.xml:73:17-98
	android:name
		ADDED from src/main/AndroidManifest.xml:72:17-86
activity#com.example.itriage.activities.PatientPrescriptionsActivity
ADDED from src/main/AndroidManifest.xml:78:9-84:20
	android:parentActivityName
		ADDED from src/main/AndroidManifest.xml:80:13-94
	android:name
		ADDED from src/main/AndroidManifest.xml:79:13-87
activity#com.example.itriage.activities.PatientDoctorActivity
ADDED from src/main/AndroidManifest.xml:85:9-91:20
	android:parentActivityName
		ADDED from src/main/AndroidManifest.xml:87:17-98
	android:name
		ADDED from src/main/AndroidManifest.xml:86:17-84